#
# There is insufficient memory for the Java Runtime Environment to continue.
# Native memory allocation (malloc) failed to allocate 1048576 bytes for AllocateHeap
# Possible reasons:
#   The system is out of physical RAM or swap space
#   The process is running with CompressedOops enabled, and the Java Heap may be blocking the growth of the native heap
# Possible solutions:
#   Reduce memory load on the system
#   Increase physical memory or swap space
#   Check if swap backing store is full
#   Decrease Java heap size (-Xmx/-Xms)
#   Decrease number of Java threads
#   Decrease Java thread stack sizes (-Xss)
#   Set larger code cache with -XX:ReservedCodeCacheSize=
#   JVM is running with Unscaled Compressed Oops mode in which the Java heap is
#     placed in the first 4GB address space. The Java Heap base address is the
#     maximum limit for the native heap growth. Please use -XX:HeapBaseMinAddress
#     to set the Java Heap base and to place the Java Heap above 4GB virtual address.
# This output file may be truncated or incomplete.
#
#  Out of Memory Error (t:/workspace/open/src/hotspot/share/memory/allocation.cpp:46), pid=8472, tid=6032
#
# JRE version: OpenJDK Runtime Environment (11.0+28) (build 11+28)
# Java VM: OpenJDK 64-Bit Server VM (11+28, mixed mode, tiered, compressed oops, g1 gc, windows-amd64)
# No core dump will be written. Minidumps are not enabled by default on client versions of Windows
#

---------------  S U M M A R Y ------------

Command Line: -javaagent:C:\Program Files\JetBrains\IntelliJ IDEA Community Edition 2019.3.4\lib\idea_rt.jar=56914:C:\Program Files\JetBrains\IntelliJ IDEA Community Edition 2019.3.4\bin -Dfile.encoding=UTF-8 app.WeatherApp

Host: Intel(R) Core(TM) i5-3330 CPU @ 3.00GHz, 4 cores, 7G,  Windows 10 , 64 bit Build 17763 (10.0.17763.2090)
Time: Tue Sep 14 11:09:00 2021 RTZ 2 (ceia) elapsed time: 6 seconds (0d 0h 0m 6s)

---------------  T H R E A D  ---------------

Current thread (0x00000253d58fa000):  VMThread "VM Thread" [stack: 0x000000779af00000,0x000000779b000000] [id=6032]

Stack: [0x000000779af00000,0x000000779b000000]
[error occurred during error reporting (printing stack bounds), id 0xc0000005, EXCEPTION_ACCESS_VIOLATION (0xc0000005) at pc=0x00000253bf880bad]

Native frames: (J=compiled Java code, j=interpreted, Vv=VM code, C=native code)
V  [jvm.dll+0x63adaa]
V  [jvm.dll+0x77852f]
V  [jvm.dll+0x779b18]
V  [jvm.dll+0x77a135]
V  [jvm.dll+0x77a0eb]
V  [jvm.dll+0x63a4a6]
V  [jvm.dll+0x63a878]
C  [ntdll.dll+0xa4a2f]
C  [ntdll.dll+0x4cef]
C  [ntdll.dll+0xa379e]
C  0x00000253bf880bad

VM_Operation (0x000000779a9f97e0): CollectForMetadataAllocation, mode: safepoint, requested by thread 0x00000253b7584800


---------------  P R O C E S S  ---------------

Threads class SMR info:
_java_thread_list=0x00000253d7da0f50, length=16, elements={
0x00000253b7584800, 0x00000253d591f800, 0x00000253d592e800, 0x00000253d6293000,
0x00000253d593d800, 0x00000253d5942000, 0x00000253d594a000, 0x00000253d594b800,
0x00000253d6400800, 0x00000253d649f000, 0x00000253d664e800, 0x00000253d9c8d000,
0x00000253d9e4f000, 0x00000253daf50000, 0x00000253daa3f800, 0x00000253dc183800
}

Java Threads: ( => current thread )
  0x00000253b7584800 JavaThread "main" [_thread_blocked, id=8224, stack(0x000000779a900000,0x000000779aa00000)]
  0x00000253d591f800 JavaThread "Reference Handler" daemon [_thread_blocked, id=7332, stack(0x000000779b000000,0x000000779b100000)]
  0x00000253d592e800 JavaThread "Finalizer" daemon [_thread_blocked, id=9000, stack(0x000000779b100000,0x000000779b200000)]
  0x00000253d6293000 JavaThread "Signal Dispatcher" daemon [_thread_blocked, id=892, stack(0x000000779b200000,0x000000779b300000)]
  0x00000253d593d800 JavaThread "Attach Listener" daemon [_thread_blocked, id=6656, stack(0x000000779b300000,0x000000779b400000)]
  0x00000253d5942000 JavaThread "C2 CompilerThread0" daemon [_thread_blocked, id=10508, stack(0x000000779b400000,0x000000779b500000)]
  0x00000253d594a000 JavaThread "C1 CompilerThread0" daemon [_thread_blocked, id=4792, stack(0x000000779b500000,0x000000779b600000)]
  0x00000253d594b800 JavaThread "Sweeper thread" daemon [_thread_blocked, id=2364, stack(0x000000779b600000,0x000000779b700000)]
  0x00000253d6400800 JavaThread "Common-Cleaner" daemon [_thread_blocked, id=4460, stack(0x000000779b700000,0x000000779b800000)]
  0x00000253d649f000 JavaThread "Monitor Ctrl-Break" daemon [_thread_in_native, id=6064, stack(0x000000779b900000,0x000000779ba00000)]
  0x00000253d664e800 JavaThread "Service Thread" daemon [_thread_blocked, id=9944, stack(0x000000779ba00000,0x000000779bb00000)]
  0x00000253d9c8d000 JavaThread "Catalina-utility-1" [_thread_blocked, id=5608, stack(0x000000779bf00000,0x000000779c000000)]
  0x00000253d9e4f000 JavaThread "Catalina-utility-2" [_thread_blocked, id=7328, stack(0x000000779c100000,0x000000779c200000)]
  0x00000253daf50000 JavaThread "container-0" [_thread_blocked, id=2120, stack(0x000000779c200000,0x000000779c300000)]
  0x00000253daa3f800 JavaThread "HikariPool-1 housekeeper" daemon [_thread_blocked, id=4580, stack(0x000000779c400000,0x000000779c500000)]
  0x00000253dc183800 JavaThread "HikariPool-1 connection adder" daemon [_thread_blocked, id=10008, stack(0x000000779c500000,0x000000779c600000)]

Other Threads:
=>0x00000253d58fa000 VMThread "VM Thread" [stack: 0x000000779af00000,0x000000779b000000] [id=6032]
  0x00000253d64e2000 WatcherThread [stack: 0x000000779bb00000,0x000000779bc00000] [id=5640]
  0x00000253b759c800 GCTaskThread "GC Thread#0" [stack: 0x000000779aa00000,0x000000779ab00000] [id=432]
  0x00000253d6e4e800 GCTaskThread "GC Thread#1" [stack: 0x000000779bd00000,0x000000779be00000] [id=11400]
  0x00000253d6cd9000 GCTaskThread "GC Thread#2" [stack: 0x000000779be00000,0x000000779bf00000] [id=10448]
  0x00000253d76df800 GCTaskThread "GC Thread#3" [stack: 0x000000779c000000,0x000000779c100000] [id=8996]
  0x00000253b75cc800 ConcurrentGCThread "G1 Main Marker" [stack: 0x000000779ab00000,0x000000779ac00000] [id=8096]
  0x00000253b75cf800 ConcurrentGCThread "G1 Conc#0" [stack: 0x000000779ac00000,0x000000779ad00000] [id=12084]
  0x00000253d5764800 ConcurrentGCThread "G1 Refine#0" [stack: 0x000000779ad00000,0x000000779ae00000] [id=3024]
  0x00000253b764e800 ConcurrentGCThread "G1 Young RemSet Sampling" [stack: 0x000000779ae00000,0x000000779af00000] [id=5344]

Threads with active compile tasks:

VM state:at safepoint (normal execution)

VM Mutex/Monitor currently owned by a thread:  ([mutex/lock_event])
[0x00000253b75836d0] Threads_lock - owner thread: 0x00000253d58fa000
[0x00000253b7583e20] Heap_lock - owner thread: 0x00000253b7584800

Heap address: 0x0000000080c00000, size: 2036 MB, Compressed Oops mode: 32-bit
Narrow klass base: 0x0000000000000000, Narrow klass shift: 3
Compressed class space size: 1073741824 Address: 0x0000000100000000

Heap:
 garbage-first heap   total 157696K, used 16920K [0x0000000080c00000, 0x0000000100000000)
  region size 1024K, 9 young (9216K), 9 survivors (9216K)
 Metaspace       used 44030K, capacity 45042K, committed 45104K, reserved 1097728K
  class space    used 5310K, capacity 5721K, committed 5760K, reserved 1048576K
Heap Regions: E=young(eden), S=young(survivor), O=old, HS=humongous(starts), HC=humongous(continues), CS=collection set, F=free, A=archive, TAMS=top-at-mark-start (previous, next)
|   0|0x0000000080c00000, 0x0000000080d00000, 0x0000000080d00000|100%|HS|  |TAMS 0x0000000080d00000, 0x0000000080d00000| Complete 
|   1|0x0000000080d00000, 0x0000000080e00000, 0x0000000080e00000|100%| O|  |TAMS 0x0000000080e00000, 0x0000000080e00000| Untracked 
|   2|0x0000000080e00000, 0x0000000080f00000, 0x0000000080f00000|100%| O|  |TAMS 0x0000000080f00000, 0x0000000080f00000| Untracked 
|   3|0x0000000080f00000, 0x0000000081000000, 0x0000000081000000|100%| O|  |TAMS 0x0000000081000000, 0x0000000081000000| Untracked 
|   4|0x0000000081000000, 0x0000000081100000, 0x0000000081100000|100%| O|  |TAMS 0x0000000081100000, 0x0000000081100000| Untracked 
|   5|0x0000000081100000, 0x0000000081200000, 0x0000000081200000|100%| O|  |TAMS 0x0000000081200000, 0x0000000081200000| Untracked 
|   6|0x0000000081200000, 0x0000000081300000, 0x0000000081300000|100%| O|  |TAMS 0x00000000812f5200, 0x0000000081300000| Untracked 
|   7|0x0000000081300000, 0x00000000813e6400, 0x0000000081400000| 89%| O|  |TAMS 0x0000000081300000, 0x00000000813e6400| Untracked 
|   8|0x0000000081400000, 0x0000000081400000, 0x0000000081500000|  0%| F|  |TAMS 0x0000000081400000, 0x0000000081400000| Untracked 
|   9|0x0000000081500000, 0x0000000081500000, 0x0000000081600000|  0%| F|  |TAMS 0x0000000081500000, 0x0000000081500000| Untracked 
|  10|0x0000000081600000, 0x0000000081600000, 0x0000000081700000|  0%| F|  |TAMS 0x0000000081600000, 0x0000000081600000| Untracked 
|  11|0x0000000081700000, 0x0000000081700000, 0x0000000081800000|  0%| F|  |TAMS 0x0000000081700000, 0x0000000081700000| Untracked 
|  12|0x0000000081800000, 0x0000000081800000, 0x0000000081900000|  0%| F|  |TAMS 0x0000000081800000, 0x0000000081800000| Untracked 
|  13|0x0000000081900000, 0x0000000081900000, 0x0000000081a00000|  0%| F|  |TAMS 0x0000000081900000, 0x0000000081900000| Untracked 
|  14|0x0000000081a00000, 0x0000000081a00000, 0x0000000081b00000|  0%| F|  |TAMS 0x0000000081a00000, 0x0000000081a00000| Untracked 
|  15|0x0000000081b00000, 0x0000000081b00000, 0x0000000081c00000|  0%| F|  |TAMS 0x0000000081b00000, 0x0000000081b00000| Untracked 
|  16|0x0000000081c00000, 0x0000000081c00000, 0x0000000081d00000|  0%| F|  |TAMS 0x0000000081c00000, 0x0000000081c00000| Untracked 
|  17|0x0000000081d00000, 0x0000000081d00000, 0x0000000081e00000|  0%| F|  |TAMS 0x0000000081d00000, 0x0000000081d00000| Untracked 
|  18|0x0000000081e00000, 0x0000000081e00000, 0x0000000081f00000|  0%| F|  |TAMS 0x0000000081e00000, 0x0000000081e00000| Untracked 
|  19|0x0000000081f00000, 0x0000000081f00000, 0x0000000082000000|  0%| F|  |TAMS 0x0000000081f00000, 0x0000000081f00000| Untracked 
|  20|0x0000000082000000, 0x0000000082000000, 0x0000000082100000|  0%| F|  |TAMS 0x0000000082000000, 0x0000000082000000| Untracked 
|  21|0x0000000082100000, 0x0000000082100000, 0x0000000082200000|  0%| F|  |TAMS 0x0000000082100000, 0x0000000082100000| Untracked 
|  22|0x0000000082200000, 0x0000000082200000, 0x0000000082300000|  0%| F|  |TAMS 0x0000000082200000, 0x0000000082200000| Untracked 
|  23|0x0000000082300000, 0x0000000082300000, 0x0000000082400000|  0%| F|  |TAMS 0x0000000082300000, 0x0000000082300000| Untracked 
|  24|0x0000000082400000, 0x0000000082400000, 0x0000000082500000|  0%| F|  |TAMS 0x0000000082400000, 0x0000000082400000| Untracked 
|  25|0x0000000082500000, 0x0000000082500000, 0x0000000082600000|  0%| F|  |TAMS 0x0000000082500000, 0x0000000082500000| Untracked 
|  26|0x0000000082600000, 0x0000000082600000, 0x0000000082700000|  0%| F|  |TAMS 0x0000000082600000, 0x0000000082600000| Untracked 
|  27|0x0000000082700000, 0x0000000082700000, 0x0000000082800000|  0%| F|  |TAMS 0x0000000082700000, 0x0000000082700000| Untracked 
|  28|0x0000000082800000, 0x0000000082800000, 0x0000000082900000|  0%| F|  |TAMS 0x0000000082800000, 0x0000000082800000| Untracked 
|  29|0x0000000082900000, 0x0000000082900000, 0x0000000082a00000|  0%| F|  |TAMS 0x0000000082900000, 0x0000000082900000| Untracked 
|  30|0x0000000082a00000, 0x0000000082a00000, 0x0000000082b00000|  0%| F|  |TAMS 0x0000000082a00000, 0x0000000082a00000| Untracked 
|  31|0x0000000082b00000, 0x0000000082b00000, 0x0000000082c00000|  0%| F|  |TAMS 0x0000000082b00000, 0x0000000082b00000| Untracked 
|  32|0x0000000082c00000, 0x0000000082c00000, 0x0000000082d00000|  0%| F|  |TAMS 0x0000000082c00000, 0x0000000082c00000| Untracked 
|  33|0x0000000082d00000, 0x0000000082d00000, 0x0000000082e00000|  0%| F|  |TAMS 0x0000000082d00000, 0x0000000082d00000| Untracked 
|  34|0x0000000082e00000, 0x0000000082e00000, 0x0000000082f00000|  0%| F|  |TAMS 0x0000000082e00000, 0x0000000082e00000| Untracked 
|  35|0x0000000082f00000, 0x0000000082f00000, 0x0000000083000000|  0%| F|  |TAMS 0x0000000082f00000, 0x0000000082f00000| Untracked 
|  36|0x0000000083000000, 0x0000000083000000, 0x0000000083100000|  0%| F|  |TAMS 0x0000000083000000, 0x0000000083000000| Untracked 
|  37|0x0000000083100000, 0x0000000083100000, 0x0000000083200000|  0%| F|  |TAMS 0x0000000083100000, 0x0000000083100000| Untracked 
|  38|0x0000000083200000, 0x0000000083200000, 0x0000000083300000|  0%| F|  |TAMS 0x0000000083200000, 0x0000000083200000| Untracked 
|  39|0x0000000083300000, 0x0000000083300000, 0x0000000083400000|  0%| F|  |TAMS 0x0000000083300000, 0x0000000083300000| Untracked 
|  40|0x0000000083400000, 0x0000000083400000, 0x0000000083500000|  0%| F|  |TAMS 0x0000000083400000, 0x0000000083400000| Untracked 
|  41|0x0000000083500000, 0x0000000083500000, 0x0000000083600000|  0%| F|  |TAMS 0x0000000083500000, 0x0000000083500000| Untracked 
|  42|0x0000000083600000, 0x0000000083600000, 0x0000000083700000|  0%| F|  |TAMS 0x0000000083600000, 0x0000000083600000| Untracked 
|  43|0x0000000083700000, 0x0000000083700000, 0x0000000083800000|  0%| F|  |TAMS 0x0000000083700000, 0x0000000083700000| Untracked 
|  44|0x0000000083800000, 0x0000000083800000, 0x0000000083900000|  0%| F|  |TAMS 0x0000000083800000, 0x0000000083800000| Untracked 
|  45|0x0000000083900000, 0x0000000083900000, 0x0000000083a00000|  0%| F|  |TAMS 0x0000000083900000, 0x0000000083900000| Untracked 
|  46|0x0000000083a00000, 0x0000000083a00000, 0x0000000083b00000|  0%| F|  |TAMS 0x0000000083a00000, 0x0000000083a00000| Untracked 
|  47|0x0000000083b00000, 0x0000000083b00000, 0x0000000083c00000|  0%| F|  |TAMS 0x0000000083b00000, 0x0000000083b00000| Untracked 
|  48|0x0000000083c00000, 0x0000000083c00000, 0x0000000083d00000|  0%| F|  |TAMS 0x0000000083c00000, 0x0000000083c00000| Untracked 
|  49|0x0000000083d00000, 0x0000000083d00000, 0x0000000083e00000|  0%| F|  |TAMS 0x0000000083d00000, 0x0000000083d00000| Untracked 
|  50|0x0000000083e00000, 0x0000000083e00000, 0x0000000083f00000|  0%| F|  |TAMS 0x0000000083e00000, 0x0000000083e00000| Untracked 
|  51|0x0000000083f00000, 0x0000000083f00000, 0x0000000084000000|  0%| F|  |TAMS 0x0000000083f00000, 0x0000000083f00000| Untracked 
|  52|0x0000000084000000, 0x0000000084000000, 0x0000000084100000|  0%| F|  |TAMS 0x0000000084000000, 0x0000000084000000| Untracked 
|  53|0x0000000084100000, 0x0000000084100000, 0x0000000084200000|  0%| F|  |TAMS 0x0000000084100000, 0x0000000084100000| Untracked 
|  54|0x0000000084200000, 0x0000000084200000, 0x0000000084300000|  0%| F|  |TAMS 0x0000000084200000, 0x0000000084200000| Untracked 
|  55|0x0000000084300000, 0x0000000084300000, 0x0000000084400000|  0%| F|  |TAMS 0x0000000084300000, 0x0000000084300000| Untracked 
|  56|0x0000000084400000, 0x0000000084400000, 0x0000000084500000|  0%| F|  |TAMS 0x0000000084400000, 0x0000000084400000| Untracked 
|  57|0x0000000084500000, 0x0000000084500000, 0x0000000084600000|  0%| F|  |TAMS 0x0000000084500000, 0x0000000084500000| Untracked 
|  58|0x0000000084600000, 0x0000000084600000, 0x0000000084700000|  0%| F|  |TAMS 0x0000000084600000, 0x0000000084600000| Untracked 
|  59|0x0000000084700000, 0x0000000084700000, 0x0000000084800000|  0%| F|  |TAMS 0x0000000084700000, 0x0000000084700000| Untracked 
|  60|0x0000000084800000, 0x0000000084800000, 0x0000000084900000|  0%| F|  |TAMS 0x0000000084800000, 0x0000000084800000| Untracked 
|  61|0x0000000084900000, 0x0000000084900000, 0x0000000084a00000|  0%| F|  |TAMS 0x0000000084900000, 0x0000000084900000| Untracked 
|  62|0x0000000084a00000, 0x0000000084a00000, 0x0000000084b00000|  0%| F|  |TAMS 0x0000000084a00000, 0x0000000084a00000| Untracked 
|  63|0x0000000084b00000, 0x0000000084b00000, 0x0000000084c00000|  0%| F|  |TAMS 0x0000000084b00000, 0x0000000084b00000| Untracked 
|  64|0x0000000084c00000, 0x0000000084c00000, 0x0000000084d00000|  0%| F|  |TAMS 0x0000000084c00000, 0x0000000084c00000| Untracked 
|  65|0x0000000084d00000, 0x0000000084d00000, 0x0000000084e00000|  0%| F|  |TAMS 0x0000000084d00000, 0x0000000084d00000| Untracked 
|  66|0x0000000084e00000, 0x0000000084e00000, 0x0000000084f00000|  0%| F|  |TAMS 0x0000000084e00000, 0x0000000084e00000| Untracked 
|  67|0x0000000084f00000, 0x0000000084f00000, 0x0000000085000000|  0%| F|  |TAMS 0x0000000084f00000, 0x0000000084f00000| Untracked 
|  68|0x0000000085000000, 0x0000000085000000, 0x0000000085100000|  0%| F|  |TAMS 0x0000000085000000, 0x0000000085000000| Untracked 
|  69|0x0000000085100000, 0x0000000085100000, 0x0000000085200000|  0%| F|  |TAMS 0x0000000085100000, 0x0000000085100000| Untracked 
|  70|0x0000000085200000, 0x0000000085200000, 0x0000000085300000|  0%| F|  |TAMS 0x0000000085200000, 0x0000000085200000| Untracked 
|  71|0x0000000085300000, 0x0000000085300000, 0x0000000085400000|  0%| F|  |TAMS 0x0000000085300000, 0x0000000085300000| Untracked 
|  72|0x0000000085400000, 0x0000000085400000, 0x0000000085500000|  0%| F|  |TAMS 0x0000000085400000, 0x0000000085400000| Untracked 
|  73|0x0000000085500000, 0x0000000085500000, 0x0000000085600000|  0%| F|  |TAMS 0x0000000085500000, 0x0000000085500000| Untracked 
|  74|0x0000000085600000, 0x0000000085600000, 0x0000000085700000|  0%| F|  |TAMS 0x0000000085600000, 0x0000000085600000| Untracked 
|  75|0x0000000085700000, 0x0000000085700000, 0x0000000085800000|  0%| F|  |TAMS 0x0000000085700000, 0x0000000085700000| Untracked 
|  76|0x0000000085800000, 0x0000000085800000, 0x0000000085900000|  0%| F|  |TAMS 0x0000000085800000, 0x0000000085800000| Untracked 
|  77|0x0000000085900000, 0x0000000085900000, 0x0000000085a00000|  0%| F|  |TAMS 0x0000000085900000, 0x0000000085900000| Untracked 
|  78|0x0000000085a00000, 0x0000000085a00000, 0x0000000085b00000|  0%| F|  |TAMS 0x0000000085a00000, 0x0000000085a00000| Untracked 
|  79|0x0000000085b00000, 0x0000000085b00000, 0x0000000085c00000|  0%| F|  |TAMS 0x0000000085b00000, 0x0000000085b00000| Untracked 
|  80|0x0000000085c00000, 0x0000000085c00000, 0x0000000085d00000|  0%| F|  |TAMS 0x0000000085c00000, 0x0000000085c00000| Untracked 
|  81|0x0000000085d00000, 0x0000000085d00000, 0x0000000085e00000|  0%| F|  |TAMS 0x0000000085d00000, 0x0000000085d00000| Untracked 
|  82|0x0000000085e00000, 0x0000000085e00000, 0x0000000085f00000|  0%| F|  |TAMS 0x0000000085e00000, 0x0000000085e00000| Untracked 
|  83|0x0000000085f00000, 0x0000000085f00000, 0x0000000086000000|  0%| F|  |TAMS 0x0000000085f00000, 0x0000000085f00000| Untracked 
|  84|0x0000000086000000, 0x0000000086000000, 0x0000000086100000|  0%| F|  |TAMS 0x0000000086000000, 0x0000000086000000| Untracked 
|  85|0x0000000086100000, 0x0000000086100000, 0x0000000086200000|  0%| F|  |TAMS 0x0000000086100000, 0x0000000086100000| Untracked 
|  86|0x0000000086200000, 0x0000000086200000, 0x0000000086300000|  0%| F|  |TAMS 0x0000000086200000, 0x0000000086200000| Untracked 
|  87|0x0000000086300000, 0x0000000086300000, 0x0000000086400000|  0%| F|  |TAMS 0x0000000086300000, 0x0000000086300000| Untracked 
|  88|0x0000000086400000, 0x0000000086400000, 0x0000000086500000|  0%| F|  |TAMS 0x0000000086400000, 0x0000000086400000| Untracked 
|  89|0x0000000086500000, 0x0000000086500000, 0x0000000086600000|  0%| F|  |TAMS 0x0000000086500000, 0x0000000086500000| Untracked 
|  90|0x0000000086600000, 0x0000000086600000, 0x0000000086700000|  0%| F|  |TAMS 0x0000000086600000, 0x0000000086600000| Untracked 
|  91|0x0000000086700000, 0x0000000086700000, 0x0000000086800000|  0%| F|  |TAMS 0x0000000086700000, 0x0000000086700000| Untracked 
|  92|0x0000000086800000, 0x0000000086800000, 0x0000000086900000|  0%| F|  |TAMS 0x0000000086800000, 0x0000000086800000| Untracked 
|  93|0x0000000086900000, 0x0000000086900000, 0x0000000086a00000|  0%| F|  |TAMS 0x0000000086900000, 0x0000000086900000| Untracked 
|  94|0x0000000086a00000, 0x0000000086a00000, 0x0000000086b00000|  0%| F|  |TAMS 0x0000000086a00000, 0x0000000086a00000| Untracked 
|  95|0x0000000086b00000, 0x0000000086b00000, 0x0000000086c00000|  0%| F|  |TAMS 0x0000000086b00000, 0x0000000086b00000| Untracked 
|  96|0x0000000086c00000, 0x0000000086c00000, 0x0000000086d00000|  0%| F|  |TAMS 0x0000000086c00000, 0x0000000086c00000| Untracked 
|  97|0x0000000086d00000, 0x0000000086d9ff60, 0x0000000086e00000| 62%| S|CS|TAMS 0x0000000086d00000, 0x0000000086d00000| Complete 
|  98|0x0000000086e00000, 0x0000000086f00000, 0x0000000086f00000|100%| S|CS|TAMS 0x0000000086e00000, 0x0000000086e00000| Complete 
|  99|0x0000000086f00000, 0x0000000087000000, 0x0000000087000000|100%| S|CS|TAMS 0x0000000086f00000, 0x0000000086f00000| Complete 
| 100|0x0000000087000000, 0x0000000087100000, 0x0000000087100000|100%| S|CS|TAMS 0x0000000087000000, 0x0000000087000000| Complete 
| 101|0x0000000087100000, 0x0000000087200000, 0x0000000087200000|100%| S|CS|TAMS 0x0000000087100000, 0x0000000087100000| Complete 
| 102|0x0000000087200000, 0x0000000087300000, 0x0000000087300000|100%| S|CS|TAMS 0x0000000087200000, 0x0000000087200000| Complete 
| 103|0x0000000087300000, 0x0000000087400000, 0x0000000087400000|100%| S|CS|TAMS 0x0000000087300000, 0x0000000087300000| Complete 
| 104|0x0000000087400000, 0x0000000087500000, 0x0000000087500000|100%| S|CS|TAMS 0x0000000087400000, 0x0000000087400000| Complete 
| 105|0x0000000087500000, 0x0000000087600000, 0x0000000087600000|100%| S|CS|TAMS 0x0000000087500000, 0x0000000087500000| Complete 
| 106|0x0000000087600000, 0x0000000087600000, 0x0000000087700000|  0%| F|  |TAMS 0x0000000087600000, 0x0000000087600000| Untracked 
| 107|0x0000000087700000, 0x0000000087700000, 0x0000000087800000|  0%| F|  |TAMS 0x0000000087700000, 0x0000000087700000| Untracked 
| 108|0x0000000087800000, 0x0000000087800000, 0x0000000087900000|  0%| F|  |TAMS 0x0000000087800000, 0x0000000087800000| Untracked 
| 109|0x0000000087900000, 0x0000000087900000, 0x0000000087a00000|  0%| F|  |TAMS 0x0000000087900000, 0x0000000087900000| Untracked 
| 110|0x0000000087a00000, 0x0000000087a00000, 0x0000000087b00000|  0%| F|  |TAMS 0x0000000087a00000, 0x0000000087a00000| Untracked 
| 111|0x0000000087b00000, 0x0000000087b00000, 0x0000000087c00000|  0%| F|  |TAMS 0x0000000087b00000, 0x0000000087b00000| Untracked 
| 112|0x0000000087c00000, 0x0000000087c00000, 0x0000000087d00000|  0%| F|  |TAMS 0x0000000087c00000, 0x0000000087c00000| Untracked 
| 113|0x0000000087d00000, 0x0000000087d00000, 0x0000000087e00000|  0%| F|  |TAMS 0x0000000087d00000, 0x0000000087d00000| Untracked 
| 114|0x0000000087e00000, 0x0000000087e00000, 0x0000000087f00000|  0%| F|  |TAMS 0x0000000087e00000, 0x0000000087e00000| Untracked 
| 115|0x0000000087f00000, 0x0000000087f00000, 0x0000000088000000|  0%| F|  |TAMS 0x0000000087f00000, 0x0000000087f00000| Untracked 
| 116|0x0000000088000000, 0x0000000088000000, 0x0000000088100000|  0%| F|  |TAMS 0x0000000088000000, 0x0000000088000000| Untracked 
| 117|0x0000000088100000, 0x0000000088100000, 0x0000000088200000|  0%| F|  |TAMS 0x0000000088100000, 0x0000000088100000| Untracked 
| 118|0x0000000088200000, 0x0000000088200000, 0x0000000088300000|  0%| F|  |TAMS 0x0000000088200000, 0x0000000088200000| Untracked 
| 119|0x0000000088300000, 0x0000000088300000, 0x0000000088400000|  0%| F|  |TAMS 0x0000000088300000, 0x0000000088300000| Untracked 
| 120|0x0000000088400000, 0x0000000088400000, 0x0000000088500000|  0%| F|  |TAMS 0x0000000088400000, 0x0000000088400000| Untracked 
| 121|0x0000000088500000, 0x0000000088500000, 0x0000000088600000|  0%| F|  |TAMS 0x0000000088500000, 0x0000000088500000| Untracked 
| 122|0x0000000088600000, 0x0000000088600000, 0x0000000088700000|  0%| F|  |TAMS 0x0000000088600000, 0x0000000088600000| Untracked 
| 123|0x0000000088700000, 0x0000000088700000, 0x0000000088800000|  0%| F|  |TAMS 0x0000000088700000, 0x0000000088700000| Untracked 
| 124|0x0000000088800000, 0x0000000088800000, 0x0000000088900000|  0%| F|  |TAMS 0x0000000088800000, 0x0000000088800000| Untracked 
| 125|0x0000000088900000, 0x0000000088900000, 0x0000000088a00000|  0%| F|  |TAMS 0x0000000088900000, 0x0000000088900000| Untracked 
| 126|0x0000000088a00000, 0x0000000088a00000, 0x0000000088b00000|  0%| F|  |TAMS 0x0000000088a00000, 0x0000000088a00000| Untracked 
| 127|0x0000000088b00000, 0x0000000088b00000, 0x0000000088c00000|  0%| F|  |TAMS 0x0000000088b00000, 0x0000000088b00000| Untracked 
| 128|0x0000000088c00000, 0x0000000088c00000, 0x0000000088d00000|  0%| F|  |TAMS 0x0000000088c00000, 0x0000000088c00000| Untracked 
| 129|0x0000000088d00000, 0x0000000088d00000, 0x0000000088e00000|  0%| F|  |TAMS 0x0000000088d00000, 0x0000000088d00000| Untracked 
| 130|0x0000000088e00000, 0x0000000088e00000, 0x0000000088f00000|  0%| F|  |TAMS 0x0000000088e00000, 0x0000000088e00000| Untracked 
| 131|0x0000000088f00000, 0x0000000088f00000, 0x0000000089000000|  0%| F|  |TAMS 0x0000000088f00000, 0x0000000088f00000| Untracked 
| 132|0x0000000089000000, 0x0000000089000000, 0x0000000089100000|  0%| F|  |TAMS 0x0000000089000000, 0x0000000089000000| Untracked 
| 133|0x0000000089100000, 0x0000000089100000, 0x0000000089200000|  0%| F|  |TAMS 0x0000000089100000, 0x0000000089100000| Untracked 
| 134|0x0000000089200000, 0x0000000089200000, 0x0000000089300000|  0%| F|  |TAMS 0x0000000089200000, 0x0000000089200000| Untracked 
| 135|0x0000000089300000, 0x0000000089300000, 0x0000000089400000|  0%| F|  |TAMS 0x0000000089300000, 0x0000000089300000| Untracked 
| 136|0x0000000089400000, 0x0000000089400000, 0x0000000089500000|  0%| F|  |TAMS 0x0000000089400000, 0x0000000089400000| Untracked 
| 137|0x0000000089500000, 0x0000000089500000, 0x0000000089600000|  0%| F|  |TAMS 0x0000000089500000, 0x0000000089500000| Untracked 
| 138|0x0000000089600000, 0x0000000089600000, 0x0000000089700000|  0%| F|  |TAMS 0x0000000089600000, 0x0000000089600000| Untracked 
| 139|0x0000000089700000, 0x0000000089700000, 0x0000000089800000|  0%| F|  |TAMS 0x0000000089700000, 0x0000000089700000| Untracked 
| 140|0x0000000089800000, 0x0000000089800000, 0x0000000089900000|  0%| F|  |TAMS 0x0000000089800000, 0x0000000089800000| Untracked 
| 141|0x0000000089900000, 0x0000000089900000, 0x0000000089a00000|  0%| F|  |TAMS 0x0000000089900000, 0x0000000089900000| Untracked 
| 142|0x0000000089a00000, 0x0000000089a00000, 0x0000000089b00000|  0%| F|  |TAMS 0x0000000089a00000, 0x0000000089a00000| Untracked 
| 143|0x0000000089b00000, 0x0000000089b00000, 0x0000000089c00000|  0%| F|  |TAMS 0x0000000089b00000, 0x0000000089b00000| Untracked 
| 144|0x0000000089c00000, 0x0000000089c00000, 0x0000000089d00000|  0%| F|  |TAMS 0x0000000089c00000, 0x0000000089c00000| Untracked 
| 145|0x0000000089d00000, 0x0000000089d00000, 0x0000000089e00000|  0%| F|  |TAMS 0x0000000089d00000, 0x0000000089d00000| Untracked 
| 146|0x0000000089e00000, 0x0000000089e00000, 0x0000000089f00000|  0%| F|  |TAMS 0x0000000089e00000, 0x0000000089e00000| Untracked 
| 147|0x0000000089f00000, 0x0000000089f00000, 0x000000008a000000|  0%| F|  |TAMS 0x0000000089f00000, 0x0000000089f00000| Untracked 
| 148|0x000000008a000000, 0x000000008a000000, 0x000000008a100000|  0%| F|  |TAMS 0x000000008a000000, 0x000000008a000000| Untracked 
| 149|0x000000008a100000, 0x000000008a100000, 0x000000008a200000|  0%| F|  |TAMS 0x000000008a100000, 0x000000008a100000| Untracked 
| 150|0x000000008a200000, 0x000000008a200000, 0x000000008a300000|  0%| F|  |TAMS 0x000000008a200000, 0x000000008a200000| Untracked 
| 151|0x000000008a300000, 0x000000008a300000, 0x000000008a400000|  0%| F|  |TAMS 0x000000008a300000, 0x000000008a300000| Untracked 
| 152|0x000000008a400000, 0x000000008a400000, 0x000000008a500000|  0%| F|  |TAMS 0x000000008a400000, 0x000000008a400000| Untracked 
| 153|0x000000008a500000, 0x000000008a500000, 0x000000008a600000|  0%| F|  |TAMS 0x000000008a500000, 0x000000008a500000| Untracked 

Card table byte_map: [0x00000253cec80000,0x00000253cf080000] _byte_map_base: 0x00000253ce87a000

Marking Bits (Prev, Next): (CMBitMap*) 0x00000253b75c3e18, (CMBitMap*) 0x00000253b75c3e50
 Prev Bits: [0x00000253cf480000, 0x00000253d1450000)
 Next Bits: [0x00000253d1450000, 0x00000253d3420000)

Polling page: 0x00000253b5390000

Metaspace:

Usage:
  Non-class:     38.40 MB capacity,    37.81 MB ( 98%) used,   472.82 KB (  1%) free+waste,   127.69 KB ( <1%) overhead. 
      Class:      5.59 MB capacity,     5.19 MB ( 93%) used,   351.30 KB (  6%) free+waste,    59.69 KB (  1%) overhead. 
       Both:     43.99 MB capacity,    43.00 MB ( 98%) used,   824.12 KB (  2%) free+waste,   187.38 KB ( <1%) overhead. 

Virtual space:
  Non-class space:       48.00 MB reserved,      38.42 MB ( 80%) committed 
      Class space:        1.00 GB reserved,       5.63 MB ( <1%) committed 
             Both:        1.05 GB reserved,      44.05 MB (  4%) committed 

Chunk freelists:
   Non-Class:  2.88 KB
       Class:  896 bytes
        Both:  3.75 KB

CodeHeap 'non-profiled nmethods': size=120064Kb used=2026Kb max_used=2026Kb free=118037Kb
 bounds [0x00000253c7340000, 0x00000253c75b0000, 0x00000253ce880000]
CodeHeap 'profiled nmethods': size=120000Kb used=8747Kb max_used=8747Kb free=111252Kb
 bounds [0x00000253bfe10000, 0x00000253c06a0000, 0x00000253c7340000]
CodeHeap 'non-nmethods': size=5696Kb used=1151Kb max_used=1220Kb free=4544Kb
 bounds [0x00000253bf880000, 0x00000253bfaf0000, 0x00000253bfe10000]
 total_blobs=5094 nmethods=3746 adapters=396
 compilation: enabled
              stopped_count=0, restarted_count=0
 full_count=0

Compilation events (10 events):
Event: 6.828 Thread 0x00000253d594a000 3759       3       org.postgresql.util.ByteConverter::bytesToInt (44 bytes)
Event: 6.828 Thread 0x00000253d594a000 nmethod 3759 0x00000253c0698c90 code [0x00000253c0698e80, 0x00000253c0699280]
Event: 6.828 Thread 0x00000253d594a000 3760       3       org.postgresql.util.ByteConverter::int2 (22 bytes)
Event: 6.828 Thread 0x00000253d594a000 nmethod 3760 0x00000253c0699410 code [0x00000253c06995c0, 0x00000253c0699758]
Event: 6.828 Thread 0x00000253d594a000 3761       3       org.postgresql.jdbc.PgDatabaseMetaData$1::compare (13 bytes)
Event: 6.829 Thread 0x00000253d594a000 nmethod 3761 0x00000253c0699890 code [0x00000253c0699a60, 0x00000253c0699dd0]
Event: 6.829 Thread 0x00000253d594a000 3762       3       org.postgresql.jdbc.PgDatabaseMetaData$1::compare (55 bytes)
Event: 6.829 Thread 0x00000253d594a000 nmethod 3762 0x00000253c0699f10 code [0x00000253c069a120, 0x00000253c069a5c0]
Event: 6.829 Thread 0x00000253d594a000 3763       3       java.io.FileDescriptor::valid (25 bytes)
Event: 6.829 Thread 0x00000253d594a000 nmethod 3763 0x00000253c069a810 code [0x00000253c069a9c0, 0x00000253c069abb8]

GC Heap History (10 events):
Event: 2.166 GC heap before
{Heap before GC invocations=3 (full 0):
 garbage-first heap   total 131072K, used 19570K [0x0000000080c00000, 0x0000000100000000)
  region size 1024K, 15 young (15360K), 2 survivors (2048K)
 Metaspace       used 20752K, capacity 21194K, committed 21296K, reserved 1069056K
  class space    used 2234K, capacity 2399K, committed 2432K, reserved 1048576K
}
Event: 2.169 GC heap after
{Heap after GC invocations=4 (full 0):
 garbage-first heap   total 131072K, used 8781K [0x0000000080c00000, 0x0000000100000000)
  region size 1024K, 3 young (3072K), 3 survivors (3072K)
 Metaspace       used 20752K, capacity 21194K, committed 21296K, reserved 1069056K
  class space    used 2234K, capacity 2399K, committed 2432K, reserved 1048576K
}
Event: 2.530 GC heap before
{Heap before GC invocations=5 (full 0):
 garbage-first heap   total 131072K, used 54861K [0x0000000080c00000, 0x0000000100000000)
  region size 1024K, 49 young (50176K), 3 survivors (3072K)
 Metaspace       used 23607K, capacity 24170K, committed 24368K, reserved 1071104K
  class space    used 2616K, capacity 2818K, committed 2944K, reserved 1048576K
}
Event: 2.534 GC heap after
{Heap after GC invocations=6 (full 0):
 garbage-first heap   total 131072K, used 9700K [0x0000000080c00000, 0x0000000100000000)
  region size 1024K, 4 young (4096K), 4 survivors (4096K)
 Metaspace       used 23607K, capacity 24170K, committed 24368K, reserved 1071104K
  class space    used 2616K, capacity 2818K, committed 2944K, reserved 1048576K
}
Event: 4.330 GC heap before
{Heap before GC invocations=6 (full 0):
 garbage-first heap   total 131072K, used 77284K [0x0000000080c00000, 0x0000000100000000)
  region size 1024K, 71 young (72704K), 4 survivors (4096K)
 Metaspace       used 30086K, capacity 30864K, committed 31152K, reserved 1077248K
  class space    used 3410K, capacity 3726K, committed 3840K, reserved 1048576K
}
Event: 4.337 GC heap after
{Heap after GC invocations=7 (full 0):
 garbage-first heap   total 131072K, used 12456K [0x0000000080c00000, 0x0000000100000000)
  region size 1024K, 6 young (6144K), 6 survivors (6144K)
 Metaspace       used 30086K, capacity 30864K, committed 31152K, reserved 1077248K
  class space    used 3410K, capacity 3726K, committed 3840K, reserved 1048576K
}
Event: 5.246 GC heap before
{Heap before GC invocations=7 (full 0):
 garbage-first heap   total 131072K, used 77992K [0x0000000080c00000, 0x0000000100000000)
  region size 1024K, 72 young (73728K), 6 survivors (6144K)
 Metaspace       used 34786K, capacity 35724K, committed 35888K, reserved 1081344K
  class space    used 3982K, capacity 4367K, committed 4480K, reserved 1048576K
}
Event: 5.260 GC heap after
{Heap after GC invocations=8 (full 0):
 garbage-first heap   total 157696K, used 14633K [0x0000000080c00000, 0x0000000100000000)
  region size 1024K, 8 young (8192K), 8 survivors (8192K)
 Metaspace       used 34786K, capacity 35724K, committed 35888K, reserved 1081344K
  class space    used 3982K, capacity 4367K, committed 4480K, reserved 1048576K
}
Event: 6.833 GC heap before
{Heap before GC invocations=9 (full 0):
 garbage-first heap   total 157696K, used 62761K [0x0000000080c00000, 0x0000000100000000)
  region size 1024K, 56 young (57344K), 8 survivors (8192K)
 Metaspace       used 44030K, capacity 45042K, committed 45104K, reserved 1095680K
  class space    used 5310K, capacity 5721K, committed 5760K, reserved 1048576K
}
Event: 6.847 GC heap after
{Heap after GC invocations=10 (full 0):
 garbage-first heap   total 157696K, used 16920K [0x0000000080c00000, 0x0000000100000000)
  region size 1024K, 9 young (9216K), 9 survivors (9216K)
 Metaspace       used 44030K, capacity 45042K, committed 45104K, reserved 1095680K
  class space    used 5310K, capacity 5721K, committed 5760K, reserved 1048576K
}

Deoptimization events (10 events):
Event: 5.122 Thread 0x00000253b7584800 Uncommon trap: reason=speculate_class_check action=maybe_recompile pc=0x00000253c7440f38 method=java.util.zip.InflaterInputStream.read([BII)I @ 100 c2
Event: 5.214 Thread 0x00000253b7584800 Uncommon trap: reason=unstable_if action=reinterpret pc=0x00000253c7379fa4 method=java.util.jar.JarFile.getVersionedEntry(Ljava/lang/String;Ljava/util/jar/JarEntry;)Ljava/util/jar/JarEntry; @ 7 c2
Event: 5.217 Thread 0x00000253b7584800 Uncommon trap: reason=unstable_if action=reinterpret pc=0x00000253c737c9d4 method=java.util.jar.JarFile.getVersionedEntry(Ljava/lang/String;Ljava/util/jar/JarEntry;)Ljava/util/jar/JarEntry; @ 7 c2
Event: 5.604 Thread 0x00000253b7584800 Uncommon trap: reason=unstable_if action=reinterpret pc=0x00000253c74023c0 method=java.util.concurrent.ConcurrentHashMap.get(Ljava/lang/Object;)Ljava/lang/Object; @ 152 c2
Event: 5.635 Thread 0x00000253b7584800 Uncommon trap: reason=null_check action=make_not_entrant pc=0x00000253c7479ca0 method=org.springframework.util.ClassUtils.isAssignable(Ljava/lang/Class;Ljava/lang/Class;)Z @ 14 c2
Event: 5.691 Thread 0x00000253b7584800 Uncommon trap: reason=unstable_if action=reinterpret pc=0x00000253c73fd458 method=java.util.WeakHashMap.expungeStaleEntries()V @ 9 c2
Event: 5.846 Thread 0x00000253b7584800 Uncommon trap: reason=unstable_if action=reinterpret pc=0x00000253c74d7c60 method=java.net.URI.match(CJJ)Z @ 45 c2
Event: 5.965 Thread 0x00000253b7584800 Uncommon trap: reason=unstable_if action=reinterpret pc=0x00000253c739d8a0 method=java.lang.CharacterDataLatin1.isWhitespace(I)Z @ 14 c2
Event: 6.065 Thread 0x00000253b7584800 Uncommon trap: reason=unstable_if action=reinterpret pc=0x00000253c73fa480 method=java.net.URL.<init>(Ljava/net/URL;Ljava/lang/String;Ljava/net/URLStreamHandler;)V @ 57 c2
Event: 6.065 Thread 0x00000253b7584800 Uncommon trap: reason=unstable_if action=reinterpret pc=0x00000253c74e1be0 method=java.net.URLStreamHandler.parseURL(Ljava/net/URL;Ljava/lang/String;II)V @ 57 c2

Classes redefined (0 events):
No events

Internal exceptions (10 events):
Event: 4.575 Thread 0x00000253b7584800 Exception <a 'java/lang/NoSuchMethodError'{0x00000000885adca8}: java.lang.invoke.DirectMethodHandle$Holder.invokeStatic(Ljava/lang/Object;ILjava/lang/Object;)V> (0x00000000885adca8) thrown at [t:/workspace/open/src/hotspot/share/interpreter/linkResolver.c
Event: 4.748 Thread 0x00000253b7584800 Exception <a 'java/lang/NoSuchMethodError'{0x00000000880b9330}: java.lang.invoke.DirectMethodHandle$Holder.invokeStaticInit(Ljava/lang/Object;IIII)Ljava/lang/Object;> (0x00000000880b9330) thrown at [t:/workspace/open/src/hotspot/share/interpreter/linkReso
Event: 4.900 Thread 0x00000253b7584800 Exception <a 'java/lang/NoSuchMethodError'{0x00000000880e65a8}: java.lang.invoke.DirectMethodHandle$Holder.invokeStaticInit(Ljava/lang/Object;Ljava/lang/Object;IIII)Ljava/lang/Object;> (0x00000000880e65a8) thrown at [t:/workspace/open/src/hotspot/share/in
Event: 5.210 Thread 0x00000253b7584800 Exception <a 'java/io/FileNotFoundException'{0x0000000084cc3c38}> (0x0000000084cc3c38) thrown at [t:/workspace/open/src/hotspot/share/prims/jni.cpp, line 615]
Event: 5.270 Thread 0x00000253b7584800 Exception <a 'java/lang/NoSuchMethodError'{0x000000008a5478d8}: java.lang.invoke.DirectMethodHandle$Holder.invokeInterface(Ljava/lang/Object;Ljava/lang/Object;Ljava/lang/Object;Ljava/lang/Object;)I> (0x000000008a5478d8) thrown at [t:/workspace/open/src/ho
Event: 5.368 Thread 0x00000253b7584800 Exception <a 'java/io/FileNotFoundException'{0x000000008a2667d8}> (0x000000008a2667d8) thrown at [t:/workspace/open/src/hotspot/share/prims/jni.cpp, line 615]
Event: 5.420 Thread 0x00000253b7584800 Exception <a 'java/lang/NoSuchMethodError'{0x0000000089f9da58}: java.lang.invoke.DirectMethodHandle$Holder.invokeVirtual(Ljava/lang/Object;Ljava/lang/Object;Ljava/lang/Object;Ljava/lang/Object;)V> (0x0000000089f9da58) thrown at [t:/workspace/open/src/hots
Event: 5.632 Thread 0x00000253b7584800 Exception <a 'java/lang/NoSuchMethodError'{0x0000000089cc7c50}: java.lang.invoke.DirectMethodHandle$Holder.invokeStatic(Ljava/lang/Object;Ljava/lang/Object;I)V> (0x0000000089cc7c50) thrown at [t:/workspace/open/src/hotspot/share/interpreter/linkResolver.c
Event: 5.635 Thread 0x00000253b7584800 Implicit null exception at 0x00000253c7479a5a to 0x00000253c7479c8a
Event: 6.031 Thread 0x00000253b7584800 Exception <a 'java/lang/NoSuchMethodError'{0x0000000088f6b890}: java.lang.invoke.DirectMethodHandle$Holder.invokeStaticInit(Ljava/lang/Object;Ljava/lang/Object;Ljava/lang/Object;Ljava/lang/Object;)Ljava/lang/Object;> (0x0000000088f6b890) thrown at [t:/wor

Events (10 events):
Event: 6.827 loading class org/postgresql/util/ByteConverter done
Event: 6.829 loading class com/zaxxer/hikari/pool/HikariProxyStatement
Event: 6.829 loading class com/zaxxer/hikari/pool/HikariProxyStatement done
Event: 6.829 loading class com/zaxxer/hikari/pool/ProxyStatement
Event: 6.829 loading class com/zaxxer/hikari/pool/ProxyStatement done
Event: 6.830 loading class com/zaxxer/hikari/pool/HikariProxyResultSet
Event: 6.830 loading class com/zaxxer/hikari/pool/HikariProxyResultSet done
Event: 6.831 loading class com/zaxxer/hikari/pool/ProxyResultSet
Event: 6.831 loading class com/zaxxer/hikari/pool/ProxyResultSet done
Event: 6.832 Executing VM operation: CollectForMetadataAllocation


Dynamic libraries:
0x00007ff680d60000 - 0x00007ff680da5000 	C:\Programs\Java\jdk11\bin\java.exe
0x00007ffd68ce0000 - 0x00007ffd68ecd000 	C:\Windows\SYSTEM32\ntdll.dll
0x00007ffd66650000 - 0x00007ffd66703000 	C:\Windows\System32\KERNEL32.DLL
0x00007ffd64d90000 - 0x00007ffd65025000 	C:\Windows\System32\KERNELBASE.dll
0x00007ffd68410000 - 0x00007ffd685a8000 	C:\Windows\System32\USER32.dll
0x00007ffd65bc0000 - 0x00007ffd65be0000 	C:\Windows\System32\win32u.dll
0x00007ffd66190000 - 0x00007ffd661b9000 	C:\Windows\System32\GDI32.dll
0x00007ffd65c80000 - 0x00007ffd65e1c000 	C:\Windows\System32\gdi32full.dll
0x00007ffd65be0000 - 0x00007ffd65c80000 	C:\Windows\System32\msvcp_win.dll
0x00007ffd65ac0000 - 0x00007ffd65bba000 	C:\Windows\System32\ucrtbase.dll
0x00007ffd525b0000 - 0x00007ffd52829000 	C:\Windows\WinSxS\amd64_microsoft.windows.common-controls_6595b64144ccf1df_6.0.17763.2114_none_de6e8966534dbac6\COMCTL32.dll
0x00007ffd66920000 - 0x00007ffd669be000 	C:\Windows\System32\msvcrt.dll
0x00007ffd685b0000 - 0x00007ffd688dd000 	C:\Windows\System32\combase.dll
0x00007ffd669c0000 - 0x00007ffd66adf000 	C:\Windows\System32\RPCRT4.dll
0x00007ffd65e20000 - 0x00007ffd65ea2000 	C:\Windows\System32\bcryptPrimitives.dll
0x00007ffd66c40000 - 0x00007ffd66c6e000 	C:\Windows\System32\IMM32.DLL
0x00007ffd567a0000 - 0x00007ffd567b6000 	C:\Programs\Java\jdk11\bin\vcruntime140.dll
0x00007ffd3cab0000 - 0x00007ffd3cb5a000 	C:\Programs\Java\jdk11\bin\msvcp140.dll
0x00007ffd23c20000 - 0x00007ffd24761000 	C:\Programs\Java\jdk11\bin\server\jvm.dll
0x00007ffd689f0000 - 0x00007ffd68a94000 	C:\Windows\System32\ADVAPI32.dll
0x00007ffd660f0000 - 0x00007ffd6618e000 	C:\Windows\System32\sechost.dll
0x00007ffd660e0000 - 0x00007ffd660e8000 	C:\Windows\System32\PSAPI.DLL
0x00007ffd51b00000 - 0x00007ffd51b09000 	C:\Windows\SYSTEM32\WSOCK32.dll
0x00007ffd66bc0000 - 0x00007ffd66c2d000 	C:\Windows\System32\WS2_32.dll
0x00007ffd62d10000 - 0x00007ffd62d34000 	C:\Windows\SYSTEM32\WINMM.dll
0x00007ffd5fd60000 - 0x00007ffd5fd6a000 	C:\Windows\SYSTEM32\VERSION.dll
0x00007ffd62ce0000 - 0x00007ffd62d0d000 	C:\Windows\SYSTEM32\WINMMBASE.dll
0x00007ffd65a70000 - 0x00007ffd65aba000 	C:\Windows\System32\cfgmgr32.dll
0x00007ffd64ce0000 - 0x00007ffd64cf1000 	C:\Windows\System32\kernel.appcore.dll
0x00007ffd56780000 - 0x00007ffd56791000 	C:\Programs\Java\jdk11\bin\verify.dll
0x00007ffd51b10000 - 0x00007ffd51cfd000 	C:\Windows\SYSTEM32\DBGHELP.DLL
0x00007ffd50980000 - 0x00007ffd509aa000 	C:\Windows\SYSTEM32\dbgcore.DLL
0x00007ffd51e90000 - 0x00007ffd51eb8000 	C:\Programs\Java\jdk11\bin\java.dll
0x00007ffd43a50000 - 0x00007ffd43a7f000 	C:\Programs\Java\jdk11\bin\instrument.dll
0x00007ffd56760000 - 0x00007ffd56776000 	C:\Programs\Java\jdk11\bin\zip.dll
0x00007ffd61680000 - 0x00007ffd6168a000 	C:\Programs\Java\jdk11\bin\jimage.dll
0x00007ffd66c70000 - 0x00007ffd68169000 	C:\Windows\System32\SHELL32.dll
0x00007ffd66870000 - 0x00007ffd66918000 	C:\Windows\System32\shcore.dll
0x00007ffd65060000 - 0x00007ffd657ab000 	C:\Windows\System32\windows.storage.dll
0x00007ffd64d00000 - 0x00007ffd64d24000 	C:\Windows\System32\profapi.dll
0x00007ffd64d30000 - 0x00007ffd64d8d000 	C:\Windows\System32\powrprof.dll
0x00007ffd68b20000 - 0x00007ffd68b72000 	C:\Windows\System32\shlwapi.dll
0x00007ffd657b0000 - 0x00007ffd657c7000 	C:\Windows\System32\cryptsp.dll
0x00007ffd4c2d0000 - 0x00007ffd4c2e9000 	C:\Programs\Java\jdk11\bin\net.dll
0x00007ffd59560000 - 0x00007ffd59651000 	C:\Windows\SYSTEM32\WINHTTP.dll
0x00007ffd64510000 - 0x00007ffd64577000 	C:\Windows\system32\mswsock.dll
0x00007ffd438c0000 - 0x00007ffd438d3000 	C:\Programs\Java\jdk11\bin\nio.dll
0x00007ffd3c7f0000 - 0x00007ffd3c80a000 	C:\Program Files\JetBrains\IntelliJ IDEA Community Edition 2019.3.4\bin\breakgen64.dll
0x00007ffd569c0000 - 0x00007ffd569c9000 	C:\Programs\Java\jdk11\bin\management.dll
0x00007ffd542c0000 - 0x00007ffd542cc000 	C:\Programs\Java\jdk11\bin\management_ext.dll
0x00007ffd5f1d0000 - 0x00007ffd5f1e6000 	C:\Windows\system32\napinsp.dll
0x00007ffd585c0000 - 0x00007ffd585da000 	C:\Windows\system32\pnrpnsp.dll
0x00007ffd64270000 - 0x00007ffd64336000 	C:\Windows\SYSTEM32\DNSAPI.dll
0x00007ffd66640000 - 0x00007ffd66648000 	C:\Windows\System32\NSI.dll
0x00007ffd64230000 - 0x00007ffd6426d000 	C:\Windows\SYSTEM32\IPHLPAPI.DLL
0x00007ffd61580000 - 0x00007ffd6158e000 	C:\Windows\System32\winrnr.dll
0x00007ffd61520000 - 0x00007ffd6153b000 	C:\Windows\system32\NLAapi.dll
0x00007ffd40c40000 - 0x00007ffd40c55000 	C:\Windows\system32\wshbth.dll
0x00007ffd5f1b0000 - 0x00007ffd5f1ba000 	C:\Windows\System32\rasadhlp.dll
0x00007ffd59970000 - 0x00007ffd599e9000 	C:\Windows\System32\fwpuclnt.dll
0x00007ffd65030000 - 0x00007ffd65056000 	C:\Windows\System32\bcrypt.dll
0x00007ffd640a0000 - 0x00007ffd640d3000 	C:\Windows\system32\rsaenh.dll
0x00007ffd64bc0000 - 0x00007ffd64be9000 	C:\Windows\SYSTEM32\USERENV.dll
0x00007ffd646e0000 - 0x00007ffd646ec000 	C:\Windows\SYSTEM32\CRYPTBASE.dll
0x00007ffd5fd30000 - 0x00007ffd5fd46000 	C:\Windows\SYSTEM32\dhcpcsvc6.DLL
0x00007ffd5fd10000 - 0x00007ffd5fd2c000 	C:\Windows\SYSTEM32\dhcpcsvc.DLL

dbghelp: loaded successfully - version: 4.0.5 - missing functions: none
symbol engine: initialized successfully - sym options: 0x614 - pdb path: .;C:\Programs\Java\jdk11\bin;C:\Windows\SYSTEM32;C:\Windows\WinSxS\amd64_microsoft.windows.common-controls_6595b64144ccf1df_6.0.17763.2114_none_de6e8966534dbac6;C:\Programs\Java\jdk11\bin\server;C:\Program Files\JetBrains\IntelliJ IDEA Community Edition 2019.3.4\bin

VM Arguments:
jvm_args: -javaagent:C:\Program Files\JetBrains\IntelliJ IDEA Community Edition 2019.3.4\lib\idea_rt.jar=56914:C:\Program Files\JetBrains\IntelliJ IDEA Community Edition 2019.3.4\bin -Dfile.encoding=UTF-8 
java_command: app.WeatherApp
java_class_path (initial): C:\Users\Ass\Documents\JavaStuff\TestEpam\user-service\target\classes;C:\Users\Ass\.m2\repository\org\springframework\boot\spring-boot-starter-data-jpa\2.3.12.RELEASE\spring-boot-starter-data-jpa-2.3.12.RELEASE.jar;C:\Users\Ass\.m2\repository\org\springframework\boot\spring-boot-starter-aop\2.3.12.RELEASE\spring-boot-starter-aop-2.3.12.RELEASE.jar;C:\Users\Ass\.m2\repository\org\springframework\spring-aop\5.2.15.RELEASE\spring-aop-5.2.15.RELEASE.jar;C:\Users\Ass\.m2\repository\org\aspectj\aspectjweaver\1.9.6\aspectjweaver-1.9.6.jar;C:\Users\Ass\.m2\repository\org\springframework\boot\spring-boot-starter-jdbc\2.3.12.RELEASE\spring-boot-starter-jdbc-2.3.12.RELEASE.jar;C:\Users\Ass\.m2\repository\com\zaxxer\HikariCP\3.4.5\HikariCP-3.4.5.jar;C:\Users\Ass\.m2\repository\org\springframework\spring-jdbc\5.2.15.RELEASE\spring-jdbc-5.2.15.RELEASE.jar;C:\Users\Ass\.m2\repository\jakarta\transaction\jakarta.transaction-api\1.3.3\jakarta.transaction-api-1.3.3.jar;C:\Users\Ass\.m2\repository\jakarta\persistence\jakarta.persistence-api\2.2.3\jakarta.persistence-api-2.2.3.jar;C:\Users\Ass\.m2\repository\org\hibernate\hibernate-core\5.4.32.Final\hibernate-core-5.4.32.Final.jar;C:\Users\Ass\.m2\repository\org\jboss\logging\jboss-logging\3.4.2.Final\jboss-logging-3.4.2.Final.jar;C:\Users\Ass\.m2\repository\org\javassist\javassist\3.27.0-GA\javassist-3.27.0-GA.jar;C:\Users\Ass\.m2\repository\net\bytebuddy\byte-buddy\1.10.22\byte-buddy-1.10.22.jar;C:\Users\Ass\.m2\repository\antlr\antlr\2.7.7\antlr-2.7.7.jar;C:\Users\Ass\.m2\repository\org\jboss\jandex\2.2.3.Final\jandex-2.2.3.Final.jar;C:\Users\Ass\.m2\repository\com\fasterxml\classmate\1.5.1\classmate-1.5.1.jar;C:\Users\Ass\.m2\repository\org\dom4j\dom4j\2.1.3\dom4j-2.1.3.jar;C:\Users\Ass\.m2\repository\org\hibernate\common\hibernate-commons-annotations\5.1.2.Final\hibernate-commons-annotations-5.1.2.Final.jar;C:\Users\Ass\.m2\repository\org\glassfish\jaxb\jaxb-runtime\2.3.4\jaxb-runtime-2.3.4.jar;C:\User
Launcher Type: SUN_STANDARD

[Global flags]
     intx CICompilerCount                          = 3                                         {product} {ergonomic}
     uint ConcGCThreads                            = 1                                         {product} {ergonomic}
     uint G1ConcRefinementThreads                  = 4                                         {product} {ergonomic}
   size_t G1HeapRegionSize                         = 1048576                                   {product} {ergonomic}
    uintx GCDrainStackTargetSize                   = 64                                        {product} {ergonomic}
   size_t InitialHeapSize                          = 134217728                                 {product} {ergonomic}
   size_t MarkStackSize                            = 4194304                                   {product} {ergonomic}
   size_t MaxHeapSize                              = 2134900736                                {product} {ergonomic}
   size_t MaxNewSize                               = 1280311296                                {product} {ergonomic}
   size_t MinHeapDeltaBytes                        = 1048576                                   {product} {ergonomic}
    uintx NonNMethodCodeHeapSize                   = 5830092                                {pd product} {ergonomic}
    uintx NonProfiledCodeHeapSize                  = 122914074                              {pd product} {ergonomic}
    uintx ProfiledCodeHeapSize                     = 122914074                              {pd product} {ergonomic}
    uintx ReservedCodeCacheSize                    = 251658240                              {pd product} {ergonomic}
     bool SegmentedCodeCache                       = true                                      {product} {ergonomic}
     bool UseCompressedClassPointers               = true                                 {lp64_product} {ergonomic}
     bool UseCompressedOops                        = true                                 {lp64_product} {ergonomic}
     bool UseG1GC                                  = true                                      {product} {ergonomic}
     bool UseLargePagesIndividualAllocation        = false                                  {pd product} {ergonomic}

Logging:
Log output configuration:
 #0: stdout all=warning uptime,level,tags
 #1: stderr all=off uptime,level,tags

Environment Variables:
JAVA_HOME=C:\Programs\Java\jdk11;
PATH=C:\Windows\system32;C:\Windows;C:\Windows\System32\Wbem;C:\Windows\System32\WindowsPowerShell\v1.0\;C:\Windows\System32\OpenSSH\;C:\Program Files\NVIDIA Corporation\NVIDIA NvDLISR;C:\Users\Ass\AppData\Local\Microsoft\WindowsApps;C:\Program Files (x86)\Microsoft VS Code\bin;C:\Programs\Git\bin;C:\Programs\kafka_2.13-2.8.0\bin\windows;C:\Programs\Java\jdk11\bin;
USERNAME=Ass
OS=Windows_NT
PROCESSOR_IDENTIFIER=Intel64 Family 6 Model 58 Stepping 9, GenuineIntel



---------------  S Y S T E M  ---------------

OS: Windows 10 , 64 bit Build 17763 (10.0.17763.2090)

CPU:total 4 (initial active 4) (4 cores per cpu, 1 threads per core) family 6 model 58 stepping 9, cmov, cx8, fxsr, mmx, sse, sse2, sse3, ssse3, sse4.1, sse4.2, popcnt, avx, aes, clmul, erms, tsc, tscinvbit, tscinv

Memory: 4k page, system-wide physical 8137M (350M free)
TotalPageFile size 14137M (AvailPageFile size 30M)
current process WorkingSet (physical memory assigned to process): 260M, peak: 263M
current process commit charge ("private bytes"): 335M, peak: 340M

vm_info: OpenJDK 64-Bit Server VM (11+28) for windows-amd64 JRE (11+28), built on Aug 23 2018 03:04:58 by "mach5one" with MS VC++ 15.5 (VS2017)

END.
